<?xml version="1.0" encoding="UTF-8"?>
<!-- Generated by org.testng.reporters.JUnitXMLReporter -->
<testsuite hostname="jajit-z01" ignored="1" name="ToolsQA" tests="2" failures="2" timestamp="2021-08-18T10:33:20 IST" time="0.069" errors="0">
  <testcase name="checkTitle" time="0.013" classname="seleniumex.TestNG">
    <failure type="java.lang.NullPointerException">
      <![CDATA[java.lang.NullPointerException
at seleniumex.TestNG.checkTitle(TestNG.java:31)
at java.util.ArrayList.forEach(Unknown Source)
... Removed 27 stack frames]]>
    </failure>
  </testcase> <!-- checkTitle -->
  <testcase name="click_element" time="0.008" classname="seleniumex.TestNG">
    <failure type="java.lang.NullPointerException">
      <![CDATA[java.lang.NullPointerException
at seleniumex.TestNG.click_element(TestNG.java:37)
at java.util.ArrayList.forEach(Unknown Source)
... Removed 27 stack frames]]>
    </failure>
  </testcase> <!-- click_element -->
  <testcase name="starting_point" time="0.0" classname="seleniumex.TestNG">
    <ignored/>
  </testcase> <!-- starting_point -->
</testsuite> <!-- ToolsQA -->
