<?xml version="1.0" encoding="UTF-8"?>
<!-- Generated by org.testng.reporters.JUnitXMLReporter -->
<testsuite hostname="jajit-z01" ignored="0" name="Parallel Tests" tests="2" failures="2" timestamp="2021-08-18T17:39:25 IST" time="18.938" errors="0">
  <testcase name="FirefoxTest" time="18.886" classname="seleniumex.ParallelTest">
    <failure type="org.openqa.selenium.ElementClickInterceptedException" message="Element &amp;lt;div class=&amp;quot;card-up&amp;quot;&amp;gt; is not clickable at point (140,520) because another element &amp;lt;div id=&amp;quot;fixedban&amp;quot;&amp;gt; obscures it
Build info: version: &amp;apos;4.0.0-beta-4&amp;apos;, revision: &amp;apos;29f46d02dd&amp;apos;
System info: host: &amp;apos;jajit-z01&amp;apos;, ip: &amp;apos;10.104.49.185&amp;apos;, os.name: &amp;apos;Windows 10&amp;apos;, os.arch: &amp;apos;amd64&amp;apos;, os.version: &amp;apos;10.0&amp;apos;, java.version: &amp;apos;1.8.0_161&amp;apos;
Driver info: org.openqa.selenium.firefox.FirefoxDriver
Command: [3f66f5c9-230d-47b1-959f-db24d1510753, clickElement {id=0de2656c-7422-4786-92a1-a7239bb58b27}]
Capabilities {acceptInsecureCerts: true, browserName: firefox, browserVersion: 89.0.2, javascriptEnabled: true, moz:accessibilityChecks: false, moz:buildID: 20210622155641, moz:debuggerAddress: localhost:54107, moz:geckodriverVersion: 0.29.1, moz:headless: false, moz:processID: 10008, moz:profile: C:\Users\jajit\AppData\Loca..., moz:shutdownTimeout: 60000, moz:useNonSpecCompliantPointerOrigin: false, moz:webdriverClick: true, pageLoadStrategy: normal, platform: WINDOWS, platformName: WINDOWS, platformVersion: 10.0, se:cdp: ws://localhost:54107/devtoo..., se:cdpVersion: 85, setWindowRect: true, strictFileInteractability: false, timeouts: {implicit: 0, pageLoad: 300000, script: 30000}, unhandledPromptBehavior: dismiss and notify}
Element: [[FirefoxDriver: firefox on WINDOWS (3f66f5c9-230d-47b1-959f-db24d1510753)] -&amp;gt; xpath: //*[@id=&amp;quot;app&amp;quot;]/div/div/div[2]/div/div[1]/div/div[1]]
Session ID: 3f66f5c9-230d-47b1-959f-db24d1510753">
      <![CDATA[org.openqa.selenium.ElementClickInterceptedException: Element <div class="card-up"> is not clickable at point (140,520) because another element <div id="fixedban"> obscures it
Build info: version: '4.0.0-beta-4', revision: '29f46d02dd'
System info: host: 'jajit-z01', ip: '10.104.49.185', os.name: 'Windows 10', os.arch: 'amd64', os.version: '10.0', java.version: '1.8.0_161'
Driver info: org.openqa.selenium.firefox.FirefoxDriver
Command: [3f66f5c9-230d-47b1-959f-db24d1510753, clickElement {id=0de2656c-7422-4786-92a1-a7239bb58b27}]
Capabilities {acceptInsecureCerts: true, browserName: firefox, browserVersion: 89.0.2, javascriptEnabled: true, moz:accessibilityChecks: false, moz:buildID: 20210622155641, moz:debuggerAddress: localhost:54107, moz:geckodriverVersion: 0.29.1, moz:headless: false, moz:processID: 10008, moz:profile: C:\Users\jajit\AppData\Loca..., moz:shutdownTimeout: 60000, moz:useNonSpecCompliantPointerOrigin: false, moz:webdriverClick: true, pageLoadStrategy: normal, platform: WINDOWS, platformName: WINDOWS, platformVersion: 10.0, se:cdp: ws://localhost:54107/devtoo..., se:cdpVersion: 85, setWindowRect: true, strictFileInteractability: false, timeouts: {implicit: 0, pageLoad: 300000, script: 30000}, unhandledPromptBehavior: dismiss and notify}
Element: [[FirefoxDriver: firefox on WINDOWS (3f66f5c9-230d-47b1-959f-db24d1510753)] -> xpath: //*[@id="app"]/div/div/div[2]/div/div[1]/div/div[1]]
Session ID: 3f66f5c9-230d-47b1-959f-db24d1510753
at org.openqa.selenium.remote.codec.w3c.W3CHttpResponseCodec.createException(W3CHttpResponseCodec.java:200)
at org.openqa.selenium.remote.codec.w3c.W3CHttpResponseCodec.decode(W3CHttpResponseCodec.java:133)
at org.openqa.selenium.remote.codec.w3c.W3CHttpResponseCodec.decode(W3CHttpResponseCodec.java:53)
at org.openqa.selenium.remote.HttpCommandExecutor.execute(HttpCommandExecutor.java:184)
at org.openqa.selenium.remote.service.DriverCommandExecutor.invokeExecute(DriverCommandExecutor.java:162)
at org.openqa.selenium.remote.service.DriverCommandExecutor.execute(DriverCommandExecutor.java:137)
at org.openqa.selenium.remote.RemoteWebDriver.execute(RemoteWebDriver.java:612)
at org.openqa.selenium.remote.RemoteWebElement.execute(RemoteWebElement.java:235)
at org.openqa.selenium.remote.RemoteWebElement.click(RemoteWebElement.java:73)
at seleniumex.ParallelTest.FirefoxTest(ParallelTest.java:17)
at java.util.concurrent.ThreadPoolExecutor.runWorker(Unknown Source)
at java.util.concurrent.ThreadPoolExecutor$Worker.run(Unknown Source)
at java.lang.Thread.run(Unknown Source)
... Removed 16 stack frames]]>
    </failure>
  </testcase> <!-- FirefoxTest -->
  <testcase name="ChromeTest" time="18.886" classname="seleniumex.ParallelTest">
    <failure type="org.openqa.selenium.ElementClickInterceptedException" message="Element &amp;lt;div class=&amp;quot;card-up&amp;quot;&amp;gt; is not clickable at point (140,520) because another element &amp;lt;div id=&amp;quot;fixedban&amp;quot;&amp;gt; obscures it
Build info: version: &amp;apos;4.0.0-beta-4&amp;apos;, revision: &amp;apos;29f46d02dd&amp;apos;
System info: host: &amp;apos;jajit-z01&amp;apos;, ip: &amp;apos;10.104.49.185&amp;apos;, os.name: &amp;apos;Windows 10&amp;apos;, os.arch: &amp;apos;amd64&amp;apos;, os.version: &amp;apos;10.0&amp;apos;, java.version: &amp;apos;1.8.0_161&amp;apos;
Driver info: org.openqa.selenium.firefox.FirefoxDriver
Command: [3f66f5c9-230d-47b1-959f-db24d1510753, clickElement {id=0de2656c-7422-4786-92a1-a7239bb58b27}]
Capabilities {acceptInsecureCerts: true, browserName: firefox, browserVersion: 89.0.2, javascriptEnabled: true, moz:accessibilityChecks: false, moz:buildID: 20210622155641, moz:debuggerAddress: localhost:54107, moz:geckodriverVersion: 0.29.1, moz:headless: false, moz:processID: 10008, moz:profile: C:\Users\jajit\AppData\Loca..., moz:shutdownTimeout: 60000, moz:useNonSpecCompliantPointerOrigin: false, moz:webdriverClick: true, pageLoadStrategy: normal, platform: WINDOWS, platformName: WINDOWS, platformVersion: 10.0, se:cdp: ws://localhost:54107/devtoo..., se:cdpVersion: 85, setWindowRect: true, strictFileInteractability: false, timeouts: {implicit: 0, pageLoad: 300000, script: 30000}, unhandledPromptBehavior: dismiss and notify}
Element: [[FirefoxDriver: firefox on WINDOWS (3f66f5c9-230d-47b1-959f-db24d1510753)] -&amp;gt; xpath: //*[@id=&amp;quot;app&amp;quot;]/div/div/div[2]/div/div[1]/div/div[1]]
Session ID: 3f66f5c9-230d-47b1-959f-db24d1510753">
      <![CDATA[org.openqa.selenium.ElementClickInterceptedException: Element <div class="card-up"> is not clickable at point (140,520) because another element <div id="fixedban"> obscures it
Build info: version: '4.0.0-beta-4', revision: '29f46d02dd'
System info: host: 'jajit-z01', ip: '10.104.49.185', os.name: 'Windows 10', os.arch: 'amd64', os.version: '10.0', java.version: '1.8.0_161'
Driver info: org.openqa.selenium.firefox.FirefoxDriver
Command: [3f66f5c9-230d-47b1-959f-db24d1510753, clickElement {id=0de2656c-7422-4786-92a1-a7239bb58b27}]
Capabilities {acceptInsecureCerts: true, browserName: firefox, browserVersion: 89.0.2, javascriptEnabled: true, moz:accessibilityChecks: false, moz:buildID: 20210622155641, moz:debuggerAddress: localhost:54107, moz:geckodriverVersion: 0.29.1, moz:headless: false, moz:processID: 10008, moz:profile: C:\Users\jajit\AppData\Loca..., moz:shutdownTimeout: 60000, moz:useNonSpecCompliantPointerOrigin: false, moz:webdriverClick: true, pageLoadStrategy: normal, platform: WINDOWS, platformName: WINDOWS, platformVersion: 10.0, se:cdp: ws://localhost:54107/devtoo..., se:cdpVersion: 85, setWindowRect: true, strictFileInteractability: false, timeouts: {implicit: 0, pageLoad: 300000, script: 30000}, unhandledPromptBehavior: dismiss and notify}
Element: [[FirefoxDriver: firefox on WINDOWS (3f66f5c9-230d-47b1-959f-db24d1510753)] -> xpath: //*[@id="app"]/div/div/div[2]/div/div[1]/div/div[1]]
Session ID: 3f66f5c9-230d-47b1-959f-db24d1510753
at org.openqa.selenium.remote.codec.w3c.W3CHttpResponseCodec.createException(W3CHttpResponseCodec.java:200)
at org.openqa.selenium.remote.codec.w3c.W3CHttpResponseCodec.decode(W3CHttpResponseCodec.java:133)
at org.openqa.selenium.remote.codec.w3c.W3CHttpResponseCodec.decode(W3CHttpResponseCodec.java:53)
at org.openqa.selenium.remote.HttpCommandExecutor.execute(HttpCommandExecutor.java:184)
at org.openqa.selenium.remote.service.DriverCommandExecutor.invokeExecute(DriverCommandExecutor.java:162)
at org.openqa.selenium.remote.service.DriverCommandExecutor.execute(DriverCommandExecutor.java:137)
at org.openqa.selenium.remote.RemoteWebDriver.execute(RemoteWebDriver.java:612)
at org.openqa.selenium.remote.RemoteWebElement.execute(RemoteWebElement.java:235)
at org.openqa.selenium.remote.RemoteWebElement.click(RemoteWebElement.java:73)
at seleniumex.ParallelTest.ChromeTest(ParallelTest.java:28)
at java.util.concurrent.ThreadPoolExecutor.runWorker(Unknown Source)
at java.util.concurrent.ThreadPoolExecutor$Worker.run(Unknown Source)
at java.lang.Thread.run(Unknown Source)
... Removed 16 stack frames]]>
    </failure>
  </testcase> <!-- ChromeTest -->
</testsuite> <!-- Parallel Tests -->
